INFO:pyaf.timing:('OPERATION_START', 'HIERARCHICAL_TRAINING')
INFO:pyaf.timing:('OPERATION_START', ('SIGNAL_TRAINING', {'Signals': ['BrisbaneGC', 'Capitals', 'Melbourne', 'NSW', 'Other', 'QLD', 'Sydney', 'VIC', 'NSW_State', 'Other_State', 'QLD_State', 'VIC_State', 'Australia'], 'Transformations': [('BrisbaneGC', 'None', '_', 'T+S+R'), ('BrisbaneGC', 'None', 'Diff_', 'T+S+R'), ('BrisbaneGC', 'None', 'RelDiff_', 'T+S+R'), ('BrisbaneGC', 'None', 'CumSum_', 'T+S+R'), ('Capitals', 'None', '_', 'T+S+R'), ('Capitals', 'None', 'Diff_', 'T+S+R'), ('Capitals', 'None', 'RelDiff_', 'T+S+R'), ('Capitals', 'None', 'CumSum_', 'T+S+R'), ('Melbourne', 'None', '_', 'T+S+R'), ('Melbourne', 'None', 'Diff_', 'T+S+R'), ('Melbourne', 'None', 'RelDiff_', 'T+S+R'), ('Melbourne', 'None', 'CumSum_', 'T+S+R'), ('NSW', 'None', '_', 'T+S+R'), ('NSW', 'None', 'Diff_', 'T+S+R'), ('NSW', 'None', 'RelDiff_', 'T+S+R'), ('NSW', 'None', 'CumSum_', 'T+S+R'), ('Other', 'None', '_', 'T+S+R'), ('Other', 'None', 'Diff_', 'T+S+R'), ('Other', 'None', 'RelDiff_', 'T+S+R'), ('Other', 'None', 'CumSum_', 'T+S+R'), ('QLD', 'None', '_', 'T+S+R'), ('QLD', 'None', 'Diff_', 'T+S+R'), ('QLD', 'None', 'RelDiff_', 'T+S+R'), ('QLD', 'None', 'CumSum_', 'T+S+R'), ('Sydney', 'None', '_', 'T+S+R'), ('Sydney', 'None', 'Diff_', 'T+S+R'), ('Sydney', 'None', 'RelDiff_', 'T+S+R'), ('Sydney', 'None', 'CumSum_', 'T+S+R'), ('VIC', 'None', '_', 'T+S+R'), ('VIC', 'None', 'Diff_', 'T+S+R'), ('VIC', 'None', 'RelDiff_', 'T+S+R'), ('VIC', 'None', 'CumSum_', 'T+S+R'), ('NSW_State', 'None', '_', 'T+S+R'), ('NSW_State', 'None', 'Diff_', 'T+S+R'), ('NSW_State', 'None', 'RelDiff_', 'T+S+R'), ('NSW_State', 'None', 'CumSum_', 'T+S+R'), ('Other_State', 'None', '_', 'T+S+R'), ('Other_State', 'None', 'Diff_', 'T+S+R'), ('Other_State', 'None', 'RelDiff_', 'T+S+R'), ('Other_State', 'None', 'CumSum_', 'T+S+R'), ('QLD_State', 'None', '_', 'T+S+R'), ('QLD_State', 'None', 'Diff_', 'T+S+R'), ('QLD_State', 'None', 'RelDiff_', 'T+S+R'), ('QLD_State', 'None', 'CumSum_', 'T+S+R'), ('VIC_State', 'None', '_', 'T+S+R'), ('VIC_State', 'None', 'Diff_', 'T+S+R'), ('VIC_State', 'None', 'RelDiff_', 'T+S+R'), ('VIC_State', 'None', 'CumSum_', 'T+S+R'), ('Australia', 'None', '_', 'T+S+R'), ('Australia', 'None', 'Diff_', 'T+S+R'), ('Australia', 'None', 'RelDiff_', 'T+S+R'), ('Australia', 'None', 'CumSum_', 'T+S+R')], 'Cores': 8}))
         City        State    Country
0      Sydney    NSW_State  Australia
1         NSW    NSW_State  Australia
2   Melbourne    VIC_State  Australia
3         VIC    VIC_State  Australia
4  BrisbaneGC    QLD_State  Australia
5         QLD    QLD_State  Australia
6    Capitals  Other_State  Australia
7       Other  Other_State  Australia
INFO:pyaf.timing:('OPERATION_START', ('TRAINING', {'Signal': 'BrisbaneGC', 'Transformation': '_BrisbaneGC'}))
INFO:pyaf.timing:('OPERATION_START', ('TRAINING', {'Signal': 'BrisbaneGC', 'Transformation': 'Diff_BrisbaneGC'}))
INFO:pyaf.timing:('OPERATION_START', ('TRAINING', {'Signal': 'BrisbaneGC', 'Transformation': 'RelDiff_BrisbaneGC'}))
INFO:pyaf.timing:('OPERATION_START', ('TRAINING', {'Signal': 'BrisbaneGC', 'Transformation': 'CumSum_BrisbaneGC'}))
INFO:pyaf.timing:('OPERATION_START', ('TRAINING', {'Signal': 'Capitals', 'Transformation': '_Capitals'}))
INFO:pyaf.timing:('OPERATION_START', ('TRAINING', {'Signal': 'Capitals', 'Transformation': 'Diff_Capitals'}))
INFO:pyaf.timing:('OPERATION_START', ('TRAINING', {'Signal': 'Capitals', 'Transformation': 'RelDiff_Capitals'}))
INFO:pyaf.timing:('OPERATION_START', ('TRAINING', {'Signal': 'Capitals', 'Transformation': 'CumSum_Capitals'}))
INFO:pyaf.timing:('OPERATION_END_ELAPSED', 14.295, ('TRAINING', {'Signal': 'Capitals', 'Transformation': 'CumSum_Capitals'}))
INFO:pyaf.timing:('OPERATION_START', ('TRAINING', {'Signal': 'Melbourne', 'Transformation': '_Melbourne'}))
INFO:pyaf.timing:('OPERATION_END_ELAPSED', 14.398, ('TRAINING', {'Signal': 'BrisbaneGC', 'Transformation': 'RelDiff_BrisbaneGC'}))
INFO:pyaf.timing:('OPERATION_END_ELAPSED', 14.4, ('TRAINING', {'Signal': 'BrisbaneGC', 'Transformation': 'CumSum_BrisbaneGC'}))
INFO:pyaf.timing:('OPERATION_END_ELAPSED', 14.404, ('TRAINING', {'Signal': 'BrisbaneGC', 'Transformation': '_BrisbaneGC'}))
INFO:pyaf.timing:('OPERATION_END_ELAPSED', 14.592, ('TRAINING', {'Signal': 'Capitals', 'Transformation': 'Diff_Capitals'}))
INFO:pyaf.timing:('OPERATION_END_ELAPSED', 14.811, ('TRAINING', {'Signal': 'Capitals', 'Transformation': 'RelDiff_Capitals'}))
INFO:pyaf.timing:('OPERATION_END_ELAPSED', 14.896, ('TRAINING', {'Signal': 'BrisbaneGC', 'Transformation': 'Diff_BrisbaneGC'}))
INFO:pyaf.timing:('OPERATION_END_ELAPSED', 15.501, ('TRAINING', {'Signal': 'Capitals', 'Transformation': '_Capitals'}))
INFO:pyaf.timing:('OPERATION_END_ELAPSED', 1.488, ('TRAINING', {'Signal': 'Melbourne', 'Transformation': '_Melbourne'}))
INFO:pyaf.timing:('OPERATION_START', ('TRAINING', {'Signal': 'Melbourne', 'Transformation': 'Diff_Melbourne'}))
INFO:pyaf.timing:('OPERATION_START', ('TRAINING', {'Signal': 'Melbourne', 'Transformation': 'RelDiff_Melbourne'}))
INFO:pyaf.timing:('OPERATION_START', ('TRAINING', {'Signal': 'Melbourne', 'Transformation': 'CumSum_Melbourne'}))
INFO:pyaf.timing:('OPERATION_START', ('TRAINING', {'Signal': 'NSW', 'Transformation': '_NSW'}))
INFO:pyaf.timing:('OPERATION_START', ('TRAINING', {'Signal': 'NSW', 'Transformation': 'Diff_NSW'}))
INFO:pyaf.timing:('OPERATION_START', ('TRAINING', {'Signal': 'NSW', 'Transformation': 'RelDiff_NSW'}))
INFO:pyaf.timing:('OPERATION_START', ('TRAINING', {'Signal': 'NSW', 'Transformation': 'CumSum_NSW'}))
INFO:pyaf.timing:('OPERATION_START', ('TRAINING', {'Signal': 'Other', 'Transformation': '_Other'}))
INFO:pyaf.timing:('OPERATION_END_ELAPSED', 2.31, ('TRAINING', {'Signal': 'NSW', 'Transformation': '_NSW'}))
INFO:pyaf.timing:('OPERATION_START', ('TRAINING', {'Signal': 'Other', 'Transformation': 'Diff_Other'}))
INFO:pyaf.timing:('OPERATION_END_ELAPSED', 2.402, ('TRAINING', {'Signal': 'NSW', 'Transformation': 'CumSum_NSW'}))
INFO:pyaf.timing:('OPERATION_END_ELAPSED', 2.694, ('TRAINING', {'Signal': 'Melbourne', 'Transformation': 'Diff_Melbourne'}))
INFO:pyaf.timing:('OPERATION_START', ('TRAINING', {'Signal': 'Other', 'Transformation': 'RelDiff_Other'}))
INFO:pyaf.timing:('OPERATION_END_ELAPSED', 2.799, ('TRAINING', {'Signal': 'NSW', 'Transformation': 'Diff_NSW'}))
INFO:pyaf.timing:('OPERATION_START', ('TRAINING', {'Signal': 'Other', 'Transformation': 'CumSum_Other'}))
INFO:pyaf.timing:('OPERATION_END_ELAPSED', 3.088, ('TRAINING', {'Signal': 'Melbourne', 'Transformation': 'CumSum_Melbourne'}))
INFO:pyaf.timing:('OPERATION_START', ('TRAINING', {'Signal': 'QLD', 'Transformation': '_QLD'}))
INFO:pyaf.timing:('OPERATION_END_ELAPSED', 3.3, ('TRAINING', {'Signal': 'Other', 'Transformation': '_Other'}))
INFO:pyaf.timing:('OPERATION_START', ('TRAINING', {'Signal': 'QLD', 'Transformation': 'Diff_QLD'}))
INFO:pyaf.timing:('OPERATION_END_ELAPSED', 3.786, ('TRAINING', {'Signal': 'Melbourne', 'Transformation': 'RelDiff_Melbourne'}))
INFO:pyaf.timing:('OPERATION_START', ('TRAINING', {'Signal': 'QLD', 'Transformation': 'RelDiff_QLD'}))
INFO:pyaf.timing:('OPERATION_START', ('TRAINING', {'Signal': 'QLD', 'Transformation': 'CumSum_QLD'}))
INFO:pyaf.timing:('OPERATION_END_ELAPSED', 5.226, ('TRAINING', {'Signal': 'NSW', 'Transformation': 'RelDiff_NSW'}))
INFO:pyaf.timing:('OPERATION_START', ('TRAINING', {'Signal': 'Sydney', 'Transformation': '_Sydney'}))
INFO:pyaf.timing:('OPERATION_END_ELAPSED', 3.696, ('TRAINING', {'Signal': 'QLD', 'Transformation': '_QLD'}))
INFO:pyaf.timing:('OPERATION_END_ELAPSED', 4.197, ('TRAINING', {'Signal': 'Other', 'Transformation': 'CumSum_Other'}))
INFO:pyaf.timing:('OPERATION_START', ('TRAINING', {'Signal': 'Sydney', 'Transformation': 'Diff_Sydney'}))
INFO:pyaf.timing:('OPERATION_START', ('TRAINING', {'Signal': 'Sydney', 'Transformation': 'RelDiff_Sydney'}))
INFO:pyaf.timing:('OPERATION_END_ELAPSED', 4.907, ('TRAINING', {'Signal': 'Other', 'Transformation': 'Diff_Other'}))
INFO:pyaf.timing:('OPERATION_END_ELAPSED', 3.901, ('TRAINING', {'Signal': 'QLD', 'Transformation': 'Diff_QLD'}))
INFO:pyaf.timing:('OPERATION_START', ('TRAINING', {'Signal': 'Sydney', 'Transformation': 'CumSum_Sydney'}))
INFO:pyaf.timing:('OPERATION_END_ELAPSED', 5.003, ('TRAINING', {'Signal': 'Other', 'Transformation': 'RelDiff_Other'}))
INFO:pyaf.timing:('OPERATION_START', ('TRAINING', {'Signal': 'VIC', 'Transformation': '_VIC'}))
INFO:pyaf.timing:('OPERATION_START', ('TRAINING', {'Signal': 'VIC', 'Transformation': 'Diff_VIC'}))
INFO:pyaf.timing:('OPERATION_END_ELAPSED', 4.4, ('TRAINING', {'Signal': 'QLD', 'Transformation': 'CumSum_QLD'}))
INFO:pyaf.timing:('OPERATION_START', ('TRAINING', {'Signal': 'VIC', 'Transformation': 'RelDiff_VIC'}))
INFO:pyaf.timing:('OPERATION_END_ELAPSED', 5.498, ('TRAINING', {'Signal': 'QLD', 'Transformation': 'RelDiff_QLD'}))
INFO:pyaf.timing:('OPERATION_START', ('TRAINING', {'Signal': 'VIC', 'Transformation': 'CumSum_VIC'}))
INFO:pyaf.timing:('OPERATION_END_ELAPSED', 4.905, ('TRAINING', {'Signal': 'Sydney', 'Transformation': '_Sydney'}))
INFO:pyaf.timing:('OPERATION_START', ('TRAINING', {'Signal': 'NSW_State', 'Transformation': '_NSW_State'}))
INFO:pyaf.timing:('OPERATION_END_ELAPSED', 4.307, ('TRAINING', {'Signal': 'Sydney', 'Transformation': 'Diff_Sydney'}))
INFO:pyaf.timing:('OPERATION_START', ('TRAINING', {'Signal': 'NSW_State', 'Transformation': 'Diff_NSW_State'}))
INFO:pyaf.timing:('OPERATION_END_ELAPSED', 4.309, ('TRAINING', {'Signal': 'Sydney', 'Transformation': 'CumSum_Sydney'}))
INFO:pyaf.timing:('OPERATION_START', ('TRAINING', {'Signal': 'NSW_State', 'Transformation': 'RelDiff_NSW_State'}))
INFO:pyaf.timing:('OPERATION_END_ELAPSED', 5.499, ('TRAINING', {'Signal': 'VIC', 'Transformation': '_VIC'}))
INFO:pyaf.timing:('OPERATION_END_ELAPSED', 6.298, ('TRAINING', {'Signal': 'Sydney', 'Transformation': 'RelDiff_Sydney'}))
INFO:pyaf.timing:('OPERATION_START', ('TRAINING', {'Signal': 'NSW_State', 'Transformation': 'CumSum_NSW_State'}))
INFO:pyaf.timing:('OPERATION_END_ELAPSED', 4.293, ('TRAINING', {'Signal': 'VIC', 'Transformation': 'CumSum_VIC'}))
INFO:pyaf.timing:('OPERATION_START', ('TRAINING', {'Signal': 'Other_State', 'Transformation': '_Other_State'}))
INFO:pyaf.timing:('OPERATION_START', ('TRAINING', {'Signal': 'Other_State', 'Transformation': 'Diff_Other_State'}))
INFO:pyaf.timing:('OPERATION_END_ELAPSED', 3.405, ('TRAINING', {'Signal': 'NSW_State', 'Transformation': '_NSW_State'}))
INFO:pyaf.timing:('OPERATION_START', ('TRAINING', {'Signal': 'Other_State', 'Transformation': 'RelDiff_Other_State'}))
INFO:pyaf.timing:('OPERATION_END_ELAPSED', 6.3, ('TRAINING', {'Signal': 'VIC', 'Transformation': 'Diff_VIC'}))
INFO:pyaf.timing:('OPERATION_END_ELAPSED', 3.301, ('TRAINING', {'Signal': 'NSW_State', 'Transformation': 'Diff_NSW_State'}))
INFO:pyaf.timing:('OPERATION_START', ('TRAINING', {'Signal': 'Other_State', 'Transformation': 'CumSum_Other_State'}))
INFO:pyaf.timing:('OPERATION_START', ('TRAINING', {'Signal': 'QLD_State', 'Transformation': '_QLD_State'}))
INFO:pyaf.timing:('OPERATION_END_ELAPSED', 3.296, ('TRAINING', {'Signal': 'Other_State', 'Transformation': '_Other_State'}))
INFO:pyaf.timing:('OPERATION_START', ('TRAINING', {'Signal': 'QLD_State', 'Transformation': 'Diff_QLD_State'}))
INFO:pyaf.timing:('OPERATION_END_ELAPSED', 5.712, ('TRAINING', {'Signal': 'NSW_State', 'Transformation': 'RelDiff_NSW_State'}))
INFO:pyaf.timing:('OPERATION_END_ELAPSED', 3.799, ('TRAINING', {'Signal': 'Other_State', 'Transformation': 'Diff_Other_State'}))
INFO:pyaf.timing:('OPERATION_END_ELAPSED', 4.397, ('TRAINING', {'Signal': 'NSW_State', 'Transformation': 'CumSum_NSW_State'}))
INFO:pyaf.timing:('OPERATION_START', ('TRAINING', {'Signal': 'QLD_State', 'Transformation': 'RelDiff_QLD_State'}))
INFO:pyaf.timing:('OPERATION_START', ('TRAINING', {'Signal': 'QLD_State', 'Transformation': 'CumSum_QLD_State'}))
INFO:pyaf.timing:('OPERATION_START', ('TRAINING', {'Signal': 'VIC_State', 'Transformation': '_VIC_State'}))
INFO:pyaf.timing:('OPERATION_END_ELAPSED', 9.803, ('TRAINING', {'Signal': 'VIC', 'Transformation': 'RelDiff_VIC'}))
INFO:pyaf.timing:('OPERATION_START', ('TRAINING', {'Signal': 'VIC_State', 'Transformation': 'Diff_VIC_State'}))
INFO:pyaf.timing:('OPERATION_END_ELAPSED', 5.503, ('TRAINING', {'Signal': 'Other_State', 'Transformation': 'RelDiff_Other_State'}))
INFO:pyaf.timing:('OPERATION_START', ('TRAINING', {'Signal': 'VIC_State', 'Transformation': 'RelDiff_VIC_State'}))
INFO:pyaf.timing:('OPERATION_END_ELAPSED', 3.898, ('TRAINING', {'Signal': 'QLD_State', 'Transformation': 'Diff_QLD_State'}))
INFO:pyaf.timing:('OPERATION_END_ELAPSED', 4.407, ('TRAINING', {'Signal': 'QLD_State', 'Transformation': '_QLD_State'}))
INFO:pyaf.timing:('OPERATION_START', ('TRAINING', {'Signal': 'VIC_State', 'Transformation': 'CumSum_VIC_State'}))
INFO:pyaf.timing:('OPERATION_START', ('TRAINING', {'Signal': 'Australia', 'Transformation': '_Australia'}))
INFO:pyaf.timing:('OPERATION_END_ELAPSED', 5.002, ('TRAINING', {'Signal': 'Other_State', 'Transformation': 'CumSum_Other_State'}))
INFO:pyaf.timing:('OPERATION_START', ('TRAINING', {'Signal': 'Australia', 'Transformation': 'Diff_Australia'}))
INFO:pyaf.timing:('OPERATION_END_ELAPSED', 3.703, ('TRAINING', {'Signal': 'VIC_State', 'Transformation': '_VIC_State'}))
INFO:pyaf.timing:('OPERATION_START', ('TRAINING', {'Signal': 'Australia', 'Transformation': 'RelDiff_Australia'}))
INFO:pyaf.timing:('OPERATION_END_ELAPSED', 4.388, ('TRAINING', {'Signal': 'QLD_State', 'Transformation': 'RelDiff_QLD_State'}))
INFO:pyaf.timing:('OPERATION_START', ('TRAINING', {'Signal': 'Australia', 'Transformation': 'CumSum_Australia'}))
INFO:pyaf.timing:('OPERATION_END_ELAPSED', 4.101, ('TRAINING', {'Signal': 'VIC_State', 'Transformation': 'Diff_VIC_State'}))
INFO:pyaf.timing:('OPERATION_END_ELAPSED', 6.796, ('TRAINING', {'Signal': 'QLD_State', 'Transformation': 'CumSum_QLD_State'}))
INFO:pyaf.timing:('OPERATION_END_ELAPSED', 4.104, ('TRAINING', {'Signal': 'VIC_State', 'Transformation': 'CumSum_VIC_State'}))
INFO:pyaf.timing:('OPERATION_END_ELAPSED', 3.995, ('TRAINING', {'Signal': 'Australia', 'Transformation': '_Australia'}))
INFO:pyaf.timing:('OPERATION_END_ELAPSED', 3.506, ('TRAINING', {'Signal': 'Australia', 'Transformation': 'Diff_Australia'}))
INFO:pyaf.timing:('OPERATION_END_ELAPSED', 6.898, ('TRAINING', {'Signal': 'VIC_State', 'Transformation': 'RelDiff_VIC_State'}))
INFO:pyaf.timing:('OPERATION_END_ELAPSED', 4.3, ('TRAINING', {'Signal': 'Australia', 'Transformation': 'CumSum_Australia'}))
INFO:pyaf.timing:('OPERATION_END_ELAPSED', 5.097, ('TRAINING', {'Signal': 'Australia', 'Transformation': 'RelDiff_Australia'}))
INFO:pyaf.timing:('OPERATION_END_ELAPSED', 48.786, ('SIGNAL_TRAINING', {'Signals': ['BrisbaneGC', 'Capitals', 'Melbourne', 'NSW', 'Other', 'QLD', 'Sydney', 'VIC', 'NSW_State', 'Other_State', 'QLD_State', 'VIC_State', 'Australia'], 'Transformations': [('BrisbaneGC', 'None', '_', 'T+S+R'), ('BrisbaneGC', 'None', 'Diff_', 'T+S+R'), ('BrisbaneGC', 'None', 'RelDiff_', 'T+S+R'), ('BrisbaneGC', 'None', 'CumSum_', 'T+S+R'), ('Capitals', 'None', '_', 'T+S+R'), ('Capitals', 'None', 'Diff_', 'T+S+R'), ('Capitals', 'None', 'RelDiff_', 'T+S+R'), ('Capitals', 'None', 'CumSum_', 'T+S+R'), ('Melbourne', 'None', '_', 'T+S+R'), ('Melbourne', 'None', 'Diff_', 'T+S+R'), ('Melbourne', 'None', 'RelDiff_', 'T+S+R'), ('Melbourne', 'None', 'CumSum_', 'T+S+R'), ('NSW', 'None', '_', 'T+S+R'), ('NSW', 'None', 'Diff_', 'T+S+R'), ('NSW', 'None', 'RelDiff_', 'T+S+R'), ('NSW', 'None', 'CumSum_', 'T+S+R'), ('Other', 'None', '_', 'T+S+R'), ('Other', 'None', 'Diff_', 'T+S+R'), ('Other', 'None', 'RelDiff_', 'T+S+R'), ('Other', 'None', 'CumSum_', 'T+S+R'), ('QLD', 'None', '_', 'T+S+R'), ('QLD', 'None', 'Diff_', 'T+S+R'), ('QLD', 'None', 'RelDiff_', 'T+S+R'), ('QLD', 'None', 'CumSum_', 'T+S+R'), ('Sydney', 'None', '_', 'T+S+R'), ('Sydney', 'None', 'Diff_', 'T+S+R'), ('Sydney', 'None', 'RelDiff_', 'T+S+R'), ('Sydney', 'None', 'CumSum_', 'T+S+R'), ('VIC', 'None', '_', 'T+S+R'), ('VIC', 'None', 'Diff_', 'T+S+R'), ('VIC', 'None', 'RelDiff_', 'T+S+R'), ('VIC', 'None', 'CumSum_', 'T+S+R'), ('NSW_State', 'None', '_', 'T+S+R'), ('NSW_State', 'None', 'Diff_', 'T+S+R'), ('NSW_State', 'None', 'RelDiff_', 'T+S+R'), ('NSW_State', 'None', 'CumSum_', 'T+S+R'), ('Other_State', 'None', '_', 'T+S+R'), ('Other_State', 'None', 'Diff_', 'T+S+R'), ('Other_State', 'None', 'RelDiff_', 'T+S+R'), ('Other_State', 'None', 'CumSum_', 'T+S+R'), ('QLD_State', 'None', '_', 'T+S+R'), ('QLD_State', 'None', 'Diff_', 'T+S+R'), ('QLD_State', 'None', 'RelDiff_', 'T+S+R'), ('QLD_State', 'None', 'CumSum_', 'T+S+R'), ('VIC_State', 'None', '_', 'T+S+R'), ('VIC_State', 'None', 'Diff_', 'T+S+R'), ('VIC_State', 'None', 'RelDiff_', 'T+S+R'), ('VIC_State', 'None', 'CumSum_', 'T+S+R'), ('Australia', 'None', '_', 'T+S+R'), ('Australia', 'None', 'Diff_', 'T+S+R'), ('Australia', 'None', 'RelDiff_', 'T+S+R'), ('Australia', 'None', 'CumSum_', 'T+S+R')], 'Cores': 8}))
INFO:pyaf.timing:('OPERATION_START', ('FINALIZE_TRAINING', {'Signals': ['BrisbaneGC', 'Capitals', 'Melbourne', 'NSW', 'Other', 'QLD', 'Sydney', 'VIC', 'NSW_State', 'Other_State', 'QLD_State', 'VIC_State', 'Australia'], 'Transformations': [('BrisbaneGC', [('BrisbaneGC', 'None', 'CumSum_', 'T+S+R'), ('BrisbaneGC', 'None', 'Diff_', 'T+S+R'), ('BrisbaneGC', 'None', 'RelDiff_', 'T+S+R'), ('BrisbaneGC', 'None', '_', 'T+S+R')]), ('Capitals', [('Capitals', 'None', 'CumSum_', 'T+S+R'), ('Capitals', 'None', 'Diff_', 'T+S+R'), ('Capitals', 'None', 'RelDiff_', 'T+S+R'), ('Capitals', 'None', '_', 'T+S+R')]), ('Melbourne', [('Melbourne', 'None', 'CumSum_', 'T+S+R'), ('Melbourne', 'None', 'Diff_', 'T+S+R'), ('Melbourne', 'None', 'RelDiff_', 'T+S+R'), ('Melbourne', 'None', '_', 'T+S+R')]), ('NSW', [('NSW', 'None', 'CumSum_', 'T+S+R'), ('NSW', 'None', 'Diff_', 'T+S+R'), ('NSW', 'None', 'RelDiff_', 'T+S+R'), ('NSW', 'None', '_', 'T+S+R')]), ('Other', [('Other', 'None', 'CumSum_', 'T+S+R'), ('Other', 'None', 'Diff_', 'T+S+R'), ('Other', 'None', 'RelDiff_', 'T+S+R'), ('Other', 'None', '_', 'T+S+R')]), ('QLD', [('QLD', 'None', 'CumSum_', 'T+S+R'), ('QLD', 'None', 'Diff_', 'T+S+R'), ('QLD', 'None', 'RelDiff_', 'T+S+R'), ('QLD', 'None', '_', 'T+S+R')]), ('Sydney', [('Sydney', 'None', 'CumSum_', 'T+S+R'), ('Sydney', 'None', 'Diff_', 'T+S+R'), ('Sydney', 'None', 'RelDiff_', 'T+S+R'), ('Sydney', 'None', '_', 'T+S+R')]), ('VIC', [('VIC', 'None', 'CumSum_', 'T+S+R'), ('VIC', 'None', 'Diff_', 'T+S+R'), ('VIC', 'None', 'RelDiff_', 'T+S+R'), ('VIC', 'None', '_', 'T+S+R')]), ('NSW_State', [('NSW_State', 'None', 'CumSum_', 'T+S+R'), ('NSW_State', 'None', 'Diff_', 'T+S+R'), ('NSW_State', 'None', 'RelDiff_', 'T+S+R'), ('NSW_State', 'None', '_', 'T+S+R')]), ('Other_State', [('Other_State', 'None', 'CumSum_', 'T+S+R'), ('Other_State', 'None', 'Diff_', 'T+S+R'), ('Other_State', 'None', 'RelDiff_', 'T+S+R'), ('Other_State', 'None', '_', 'T+S+R')]), ('QLD_State', [('QLD_State', 'None', 'CumSum_', 'T+S+R'), ('QLD_State', 'None', 'Diff_', 'T+S+R'), ('QLD_State', 'None', 'RelDiff_', 'T+S+R'), ('QLD_State', 'None', '_', 'T+S+R')]), ('VIC_State', [('VIC_State', 'None', 'CumSum_', 'T+S+R'), ('VIC_State', 'None', 'Diff_', 'T+S+R'), ('VIC_State', 'None', 'RelDiff_', 'T+S+R'), ('VIC_State', 'None', '_', 'T+S+R')]), ('Australia', [('Australia', 'None', 'CumSum_', 'T+S+R'), ('Australia', 'None', 'Diff_', 'T+S+R'), ('Australia', 'None', 'RelDiff_', 'T+S+R'), ('Australia', 'None', '_', 'T+S+R')])], 'Cores': 8}))
INFO:pyaf.timing:('OPERATION_START', ('MODEL_SELECTION', {'Signal': 'BrisbaneGC', 'Transformations': [('BrisbaneGC', 'None', 'CumSum_', 'T+S+R'), ('BrisbaneGC', 'None', 'Diff_', 'T+S+R'), ('BrisbaneGC', 'None', 'RelDiff_', 'T+S+R'), ('BrisbaneGC', 'None', '_', 'T+S+R')]}))
INFO:pyaf.timing:('OPERATION_END_ELAPSED', 0.1, ('MODEL_SELECTION', {'Signal': 'BrisbaneGC', 'Transformations': [('BrisbaneGC', 'None', 'CumSum_', 'T+S+R'), ('BrisbaneGC', 'None', 'Diff_', 'T+S+R'), ('BrisbaneGC', 'None', 'RelDiff_', 'T+S+R'), ('BrisbaneGC', 'None', '_', 'T+S+R')]}))
INFO:pyaf.timing:('OPERATION_START', ('UPDATE_BEST_MODEL_PERFS', {'Signal': 'BrisbaneGC', 'Model': '_BrisbaneGC_ConstantTrend_residue_Seasonal_MonthOfYear_residue_NoAR'}))
INFO:pyaf.timing:('OPERATION_END_ELAPSED', 0.298, ('UPDATE_BEST_MODEL_PERFS', {'Signal': 'BrisbaneGC', 'Model': '_BrisbaneGC_ConstantTrend_residue_Seasonal_MonthOfYear_residue_NoAR'}))
INFO:pyaf.timing:('OPERATION_START', ('COMPUTE_PREDICTION_INTERVALS', {'Signal': 'BrisbaneGC'}))
INFO:pyaf.timing:('OPERATION_START', ('MODEL_SELECTION', {'Signal': 'Capitals', 'Transformations': [('Capitals', 'None', 'CumSum_', 'T+S+R'), ('Capitals', 'None', 'Diff_', 'T+S+R'), ('Capitals', 'None', 'RelDiff_', 'T+S+R'), ('Capitals', 'None', '_', 'T+S+R')]}))
INFO:pyaf.timing:('OPERATION_END_ELAPSED', 0.095, ('MODEL_SELECTION', {'Signal': 'Capitals', 'Transformations': [('Capitals', 'None', 'CumSum_', 'T+S+R'), ('Capitals', 'None', 'Diff_', 'T+S+R'), ('Capitals', 'None', 'RelDiff_', 'T+S+R'), ('Capitals', 'None', '_', 'T+S+R')]}))
INFO:pyaf.timing:('OPERATION_START', ('UPDATE_BEST_MODEL_PERFS', {'Signal': 'Capitals', 'Model': '_Capitals_ConstantTrend_residue_Seasonal_MonthOfYear_residue_NoAR'}))
INFO:pyaf.timing:('OPERATION_END_ELAPSED', 0.295, ('UPDATE_BEST_MODEL_PERFS', {'Signal': 'Capitals', 'Model': '_Capitals_ConstantTrend_residue_Seasonal_MonthOfYear_residue_NoAR'}))
INFO:pyaf.timing:('OPERATION_START', ('COMPUTE_PREDICTION_INTERVALS', {'Signal': 'Capitals'}))
INFO:pyaf.timing:('OPERATION_START', ('MODEL_SELECTION', {'Signal': 'Melbourne', 'Transformations': [('Melbourne', 'None', 'CumSum_', 'T+S+R'), ('Melbourne', 'None', 'Diff_', 'T+S+R'), ('Melbourne', 'None', 'RelDiff_', 'T+S+R'), ('Melbourne', 'None', '_', 'T+S+R')]}))
INFO:pyaf.timing:('OPERATION_END_ELAPSED', 0.096, ('MODEL_SELECTION', {'Signal': 'Melbourne', 'Transformations': [('Melbourne', 'None', 'CumSum_', 'T+S+R'), ('Melbourne', 'None', 'Diff_', 'T+S+R'), ('Melbourne', 'None', 'RelDiff_', 'T+S+R'), ('Melbourne', 'None', '_', 'T+S+R')]}))
INFO:pyaf.timing:('OPERATION_START', ('UPDATE_BEST_MODEL_PERFS', {'Signal': 'Melbourne', 'Model': '_Melbourne_ConstantTrend_residue_Seasonal_MonthOfYear_residue_NoAR'}))
INFO:pyaf.timing:('OPERATION_END_ELAPSED', 0.295, ('UPDATE_BEST_MODEL_PERFS', {'Signal': 'Melbourne', 'Model': '_Melbourne_ConstantTrend_residue_Seasonal_MonthOfYear_residue_NoAR'}))
INFO:pyaf.timing:('OPERATION_START', ('MODEL_SELECTION', {'Signal': 'NSW', 'Transformations': [('NSW', 'None', 'CumSum_', 'T+S+R'), ('NSW', 'None', 'Diff_', 'T+S+R'), ('NSW', 'None', 'RelDiff_', 'T+S+R'), ('NSW', 'None', '_', 'T+S+R')]}))
INFO:pyaf.timing:('OPERATION_START', ('COMPUTE_PREDICTION_INTERVALS', {'Signal': 'Melbourne'}))
INFO:pyaf.timing:('OPERATION_END_ELAPSED', 0.011, ('MODEL_SELECTION', {'Signal': 'NSW', 'Transformations': [('NSW', 'None', 'CumSum_', 'T+S+R'), ('NSW', 'None', 'Diff_', 'T+S+R'), ('NSW', 'None', 'RelDiff_', 'T+S+R'), ('NSW', 'None', '_', 'T+S+R')]}))
INFO:pyaf.timing:('OPERATION_START', ('UPDATE_BEST_MODEL_PERFS', {'Signal': 'NSW', 'Model': '_NSW_ConstantTrend_residue_Seasonal_MonthOfYear_residue_NoAR'}))
INFO:pyaf.timing:('OPERATION_END_ELAPSED', 0.293, ('UPDATE_BEST_MODEL_PERFS', {'Signal': 'NSW', 'Model': '_NSW_ConstantTrend_residue_Seasonal_MonthOfYear_residue_NoAR'}))
INFO:pyaf.timing:('OPERATION_START', ('COMPUTE_PREDICTION_INTERVALS', {'Signal': 'NSW'}))
INFO:pyaf.timing:('OPERATION_START', ('MODEL_SELECTION', {'Signal': 'Other', 'Transformations': [('Other', 'None', 'CumSum_', 'T+S+R'), ('Other', 'None', 'Diff_', 'T+S+R'), ('Other', 'None', 'RelDiff_', 'T+S+R'), ('Other', 'None', '_', 'T+S+R')]}))
INFO:pyaf.timing:('OPERATION_END_ELAPSED', 0.096, ('MODEL_SELECTION', {'Signal': 'Other', 'Transformations': [('Other', 'None', 'CumSum_', 'T+S+R'), ('Other', 'None', 'Diff_', 'T+S+R'), ('Other', 'None', 'RelDiff_', 'T+S+R'), ('Other', 'None', '_', 'T+S+R')]}))
INFO:pyaf.timing:('OPERATION_START', ('UPDATE_BEST_MODEL_PERFS', {'Signal': 'Other', 'Model': '_Other_ConstantTrend_residue_Seasonal_MonthOfYear_residue_NoAR'}))
INFO:pyaf.timing:('OPERATION_END_ELAPSED', 0.213, ('UPDATE_BEST_MODEL_PERFS', {'Signal': 'Other', 'Model': '_Other_ConstantTrend_residue_Seasonal_MonthOfYear_residue_NoAR'}))
INFO:pyaf.timing:('OPERATION_START', ('COMPUTE_PREDICTION_INTERVALS', {'Signal': 'Other'}))
INFO:pyaf.timing:('OPERATION_START', ('MODEL_SELECTION', {'Signal': 'QLD', 'Transformations': [('QLD', 'None', 'CumSum_', 'T+S+R'), ('QLD', 'None', 'Diff_', 'T+S+R'), ('QLD', 'None', 'RelDiff_', 'T+S+R'), ('QLD', 'None', '_', 'T+S+R')]}))
INFO:pyaf.timing:('OPERATION_END_ELAPSED', 0.096, ('MODEL_SELECTION', {'Signal': 'QLD', 'Transformations': [('QLD', 'None', 'CumSum_', 'T+S+R'), ('QLD', 'None', 'Diff_', 'T+S+R'), ('QLD', 'None', 'RelDiff_', 'T+S+R'), ('QLD', 'None', '_', 'T+S+R')]}))
INFO:pyaf.timing:('OPERATION_START', ('UPDATE_BEST_MODEL_PERFS', {'Signal': 'QLD', 'Model': '_QLD_ConstantTrend_residue_Seasonal_MonthOfYear_residue_NoAR'}))
INFO:pyaf.timing:('OPERATION_START', ('MODEL_SELECTION', {'Signal': 'Sydney', 'Transformations': [('Sydney', 'None', 'CumSum_', 'T+S+R'), ('Sydney', 'None', 'Diff_', 'T+S+R'), ('Sydney', 'None', 'RelDiff_', 'T+S+R'), ('Sydney', 'None', '_', 'T+S+R')]}))
INFO:pyaf.timing:('OPERATION_END_ELAPSED', 0.089, ('MODEL_SELECTION', {'Signal': 'Sydney', 'Transformations': [('Sydney', 'None', 'CumSum_', 'T+S+R'), ('Sydney', 'None', 'Diff_', 'T+S+R'), ('Sydney', 'None', 'RelDiff_', 'T+S+R'), ('Sydney', 'None', '_', 'T+S+R')]}))
INFO:pyaf.timing:('OPERATION_START', ('UPDATE_BEST_MODEL_PERFS', {'Signal': 'Sydney', 'Model': '_Sydney_LinearTrend_residue_Seasonal_MonthOfYear_residue_NoAR'}))
INFO:pyaf.timing:('OPERATION_END_ELAPSED', 3.017, ('COMPUTE_PREDICTION_INTERVALS', {'Signal': 'BrisbaneGC'}))
INFO:pyaf.timing:('OPERATION_END_ELAPSED', 0.29, ('UPDATE_BEST_MODEL_PERFS', {'Signal': 'QLD', 'Model': '_QLD_ConstantTrend_residue_Seasonal_MonthOfYear_residue_NoAR'}))
INFO:pyaf.timing:('OPERATION_START', ('COMPUTE_PREDICTION_INTERVALS', {'Signal': 'QLD'}))
INFO:pyaf.timing:('OPERATION_END_ELAPSED', 0.195, ('UPDATE_BEST_MODEL_PERFS', {'Signal': 'Sydney', 'Model': '_Sydney_LinearTrend_residue_Seasonal_MonthOfYear_residue_NoAR'}))
INFO:pyaf.timing:('OPERATION_START', ('COMPUTE_PREDICTION_INTERVALS', {'Signal': 'Sydney'}))
INFO:pyaf.timing:('OPERATION_START', ('MODEL_SELECTION', {'Signal': 'VIC', 'Transformations': [('VIC', 'None', 'CumSum_', 'T+S+R'), ('VIC', 'None', 'Diff_', 'T+S+R'), ('VIC', 'None', 'RelDiff_', 'T+S+R'), ('VIC', 'None', '_', 'T+S+R')]}))
INFO:pyaf.timing:('OPERATION_END_ELAPSED', 0.096, ('MODEL_SELECTION', {'Signal': 'VIC', 'Transformations': [('VIC', 'None', 'CumSum_', 'T+S+R'), ('VIC', 'None', 'Diff_', 'T+S+R'), ('VIC', 'None', 'RelDiff_', 'T+S+R'), ('VIC', 'None', '_', 'T+S+R')]}))
INFO:pyaf.timing:('OPERATION_START', ('UPDATE_BEST_MODEL_PERFS', {'Signal': 'VIC', 'Model': '_VIC_ConstantTrend_residue_Seasonal_MonthOfYear_residue_NoAR'}))
INFO:pyaf.timing:('OPERATION_END_ELAPSED', 2.598, ('COMPUTE_PREDICTION_INTERVALS', {'Signal': 'Capitals'}))
INFO:pyaf.timing:('OPERATION_START', ('MODEL_SELECTION', {'Signal': 'NSW_State', 'Transformations': [('NSW_State', 'None', 'CumSum_', 'T+S+R'), ('NSW_State', 'None', 'Diff_', 'T+S+R'), ('NSW_State', 'None', 'RelDiff_', 'T+S+R'), ('NSW_State', 'None', '_', 'T+S+R')]}))
INFO:pyaf.timing:('OPERATION_END_ELAPSED', 0.197, ('UPDATE_BEST_MODEL_PERFS', {'Signal': 'VIC', 'Model': '_VIC_ConstantTrend_residue_Seasonal_MonthOfYear_residue_NoAR'}))
INFO:pyaf.timing:('OPERATION_START', ('COMPUTE_PREDICTION_INTERVALS', {'Signal': 'VIC'}))
INFO:pyaf.timing:('OPERATION_END_ELAPSED', 0.006, ('MODEL_SELECTION', {'Signal': 'NSW_State', 'Transformations': [('NSW_State', 'None', 'CumSum_', 'T+S+R'), ('NSW_State', 'None', 'Diff_', 'T+S+R'), ('NSW_State', 'None', 'RelDiff_', 'T+S+R'), ('NSW_State', 'None', '_', 'T+S+R')]}))
INFO:pyaf.timing:('OPERATION_START', ('UPDATE_BEST_MODEL_PERFS', {'Signal': 'NSW_State', 'Model': '_NSW_State_LinearTrend_residue_Seasonal_MonthOfYear_residue_NoAR'}))
INFO:pyaf.timing:('OPERATION_END_ELAPSED', 0.107, ('UPDATE_BEST_MODEL_PERFS', {'Signal': 'NSW_State', 'Model': '_NSW_State_LinearTrend_residue_Seasonal_MonthOfYear_residue_NoAR'}))
INFO:pyaf.timing:('OPERATION_START', ('COMPUTE_PREDICTION_INTERVALS', {'Signal': 'NSW_State'}))
INFO:pyaf.timing:('OPERATION_END_ELAPSED', 1.996, ('COMPUTE_PREDICTION_INTERVALS', {'Signal': 'Melbourne'}))
INFO:pyaf.timing:('OPERATION_END_ELAPSED', 1.796, ('COMPUTE_PREDICTION_INTERVALS', {'Signal': 'NSW'}))
INFO:pyaf.timing:('OPERATION_END_ELAPSED', 1.996, ('COMPUTE_PREDICTION_INTERVALS', {'Signal': 'Other'}))
INFO:pyaf.timing:('OPERATION_START', ('MODEL_SELECTION', {'Signal': 'Other_State', 'Transformations': [('Other_State', 'None', 'CumSum_', 'T+S+R'), ('Other_State', 'None', 'Diff_', 'T+S+R'), ('Other_State', 'None', 'RelDiff_', 'T+S+R'), ('Other_State', 'None', '_', 'T+S+R')]}))
INFO:pyaf.timing:('OPERATION_END_ELAPSED', 0.004, ('MODEL_SELECTION', {'Signal': 'Other_State', 'Transformations': [('Other_State', 'None', 'CumSum_', 'T+S+R'), ('Other_State', 'None', 'Diff_', 'T+S+R'), ('Other_State', 'None', 'RelDiff_', 'T+S+R'), ('Other_State', 'None', '_', 'T+S+R')]}))
INFO:pyaf.timing:('OPERATION_START', ('UPDATE_BEST_MODEL_PERFS', {'Signal': 'Other_State', 'Model': '_Other_State_ConstantTrend_residue_Seasonal_MonthOfYear_residue_NoAR'}))
INFO:pyaf.timing:('OPERATION_END_ELAPSED', 0.098, ('UPDATE_BEST_MODEL_PERFS', {'Signal': 'Other_State', 'Model': '_Other_State_ConstantTrend_residue_Seasonal_MonthOfYear_residue_NoAR'}))
INFO:pyaf.timing:('OPERATION_START', ('COMPUTE_PREDICTION_INTERVALS', {'Signal': 'Other_State'}))
INFO:pyaf.timing:('OPERATION_END_ELAPSED', 1.814, ('COMPUTE_PREDICTION_INTERVALS', {'Signal': 'Sydney'}))
INFO:pyaf.timing:('OPERATION_END_ELAPSED', 2.005, ('COMPUTE_PREDICTION_INTERVALS', {'Signal': 'QLD'}))
INFO:pyaf.timing:('OPERATION_END_ELAPSED', 1.6, ('COMPUTE_PREDICTION_INTERVALS', {'Signal': 'VIC'}))
INFO:pyaf.timing:('OPERATION_END_ELAPSED', 1.688, ('COMPUTE_PREDICTION_INTERVALS', {'Signal': 'NSW_State'}))
INFO:pyaf.timing:('OPERATION_START', ('MODEL_SELECTION', {'Signal': 'QLD_State', 'Transformations': [('QLD_State', 'None', 'CumSum_', 'T+S+R'), ('QLD_State', 'None', 'Diff_', 'T+S+R'), ('QLD_State', 'None', 'RelDiff_', 'T+S+R'), ('QLD_State', 'None', '_', 'T+S+R')]}))
INFO:pyaf.timing:('OPERATION_END_ELAPSED', 0.094, ('MODEL_SELECTION', {'Signal': 'QLD_State', 'Transformations': [('QLD_State', 'None', 'CumSum_', 'T+S+R'), ('QLD_State', 'None', 'Diff_', 'T+S+R'), ('QLD_State', 'None', 'RelDiff_', 'T+S+R'), ('QLD_State', 'None', '_', 'T+S+R')]}))
INFO:pyaf.timing:('OPERATION_START', ('UPDATE_BEST_MODEL_PERFS', {'Signal': 'QLD_State', 'Model': '_QLD_State_ConstantTrend_residue_Seasonal_MonthOfYear_residue_NoAR'}))
INFO:pyaf.timing:('OPERATION_END_ELAPSED', 0.207, ('UPDATE_BEST_MODEL_PERFS', {'Signal': 'QLD_State', 'Model': '_QLD_State_ConstantTrend_residue_Seasonal_MonthOfYear_residue_NoAR'}))
INFO:pyaf.timing:('OPERATION_START', ('COMPUTE_PREDICTION_INTERVALS', {'Signal': 'QLD_State'}))
INFO:pyaf.timing:('OPERATION_START', ('MODEL_SELECTION', {'Signal': 'VIC_State', 'Transformations': [('VIC_State', 'None', 'CumSum_', 'T+S+R'), ('VIC_State', 'None', 'Diff_', 'T+S+R'), ('VIC_State', 'None', 'RelDiff_', 'T+S+R'), ('VIC_State', 'None', '_', 'T+S+R')]}))
INFO:pyaf.timing:('OPERATION_END_ELAPSED', 0.089, ('MODEL_SELECTION', {'Signal': 'VIC_State', 'Transformations': [('VIC_State', 'None', 'CumSum_', 'T+S+R'), ('VIC_State', 'None', 'Diff_', 'T+S+R'), ('VIC_State', 'None', 'RelDiff_', 'T+S+R'), ('VIC_State', 'None', '_', 'T+S+R')]}))
INFO:pyaf.timing:('OPERATION_START', ('UPDATE_BEST_MODEL_PERFS', {'Signal': 'VIC_State', 'Model': '_VIC_State_ConstantTrend_residue_Seasonal_MonthOfYear_residue_NoAR'}))
INFO:pyaf.timing:('OPERATION_END_ELAPSED', 0.312, ('UPDATE_BEST_MODEL_PERFS', {'Signal': 'VIC_State', 'Model': '_VIC_State_ConstantTrend_residue_Seasonal_MonthOfYear_residue_NoAR'}))
INFO:pyaf.timing:('OPERATION_START', ('COMPUTE_PREDICTION_INTERVALS', {'Signal': 'VIC_State'}))
INFO:pyaf.timing:('OPERATION_END_ELAPSED', 2.503, ('COMPUTE_PREDICTION_INTERVALS', {'Signal': 'Other_State'}))
INFO:pyaf.timing:('OPERATION_END_ELAPSED', 3.422, ('COMPUTE_PREDICTION_INTERVALS', {'Signal': 'QLD_State'}))
INFO:pyaf.timing:('OPERATION_START', ('MODEL_SELECTION', {'Signal': 'Australia', 'Transformations': [('Australia', 'None', 'CumSum_', 'T+S+R'), ('Australia', 'None', 'Diff_', 'T+S+R'), ('Australia', 'None', 'RelDiff_', 'T+S+R'), ('Australia', 'None', '_', 'T+S+R')]}))
INFO:pyaf.timing:('OPERATION_END_ELAPSED', 0.091, ('MODEL_SELECTION', {'Signal': 'Australia', 'Transformations': [('Australia', 'None', 'CumSum_', 'T+S+R'), ('Australia', 'None', 'Diff_', 'T+S+R'), ('Australia', 'None', 'RelDiff_', 'T+S+R'), ('Australia', 'None', '_', 'T+S+R')]}))
INFO:pyaf.timing:('OPERATION_START', ('UPDATE_BEST_MODEL_PERFS', {'Signal': 'Australia', 'Model': '_Australia_ConstantTrend_residue_Seasonal_MonthOfYear_residue_NoAR'}))
INFO:pyaf.timing:('OPERATION_END_ELAPSED', 0.487, ('UPDATE_BEST_MODEL_PERFS', {'Signal': 'Australia', 'Model': '_Australia_ConstantTrend_residue_Seasonal_MonthOfYear_residue_NoAR'}))
INFO:pyaf.timing:('OPERATION_START', ('COMPUTE_PREDICTION_INTERVALS', {'Signal': 'Australia'}))
INFO:pyaf.timing:('OPERATION_END_ELAPSED', 3.688, ('COMPUTE_PREDICTION_INTERVALS', {'Signal': 'VIC_State'}))
INFO:pyaf.timing:('OPERATION_END_ELAPSED', 4.109, ('COMPUTE_PREDICTION_INTERVALS', {'Signal': 'Australia'}))
INFO:pyaf.timing:('OPERATION_END_ELAPSED', 19.402, ('FINALIZE_TRAINING', {'Signals': ['BrisbaneGC', 'Capitals', 'Melbourne', 'NSW', 'Other', 'QLD', 'Sydney', 'VIC', 'NSW_State', 'Other_State', 'QLD_State', 'VIC_State', 'Australia'], 'Transformations': [('BrisbaneGC', [('BrisbaneGC', 'None', 'CumSum_', 'T+S+R'), ('BrisbaneGC', 'None', 'Diff_', 'T+S+R'), ('BrisbaneGC', 'None', 'RelDiff_', 'T+S+R'), ('BrisbaneGC', 'None', '_', 'T+S+R')]), ('Capitals', [('Capitals', 'None', 'CumSum_', 'T+S+R'), ('Capitals', 'None', 'Diff_', 'T+S+R'), ('Capitals', 'None', 'RelDiff_', 'T+S+R'), ('Capitals', 'None', '_', 'T+S+R')]), ('Melbourne', [('Melbourne', 'None', 'CumSum_', 'T+S+R'), ('Melbourne', 'None', 'Diff_', 'T+S+R'), ('Melbourne', 'None', 'RelDiff_', 'T+S+R'), ('Melbourne', 'None', '_', 'T+S+R')]), ('NSW', [('NSW', 'None', 'CumSum_', 'T+S+R'), ('NSW', 'None', 'Diff_', 'T+S+R'), ('NSW', 'None', 'RelDiff_', 'T+S+R'), ('NSW', 'None', '_', 'T+S+R')]), ('Other', [('Other', 'None', 'CumSum_', 'T+S+R'), ('Other', 'None', 'Diff_', 'T+S+R'), ('Other', 'None', 'RelDiff_', 'T+S+R'), ('Other', 'None', '_', 'T+S+R')]), ('QLD', [('QLD', 'None', 'CumSum_', 'T+S+R'), ('QLD', 'None', 'Diff_', 'T+S+R'), ('QLD', 'None', 'RelDiff_', 'T+S+R'), ('QLD', 'None', '_', 'T+S+R')]), ('Sydney', [('Sydney', 'None', 'CumSum_', 'T+S+R'), ('Sydney', 'None', 'Diff_', 'T+S+R'), ('Sydney', 'None', 'RelDiff_', 'T+S+R'), ('Sydney', 'None', '_', 'T+S+R')]), ('VIC', [('VIC', 'None', 'CumSum_', 'T+S+R'), ('VIC', 'None', 'Diff_', 'T+S+R'), ('VIC', 'None', 'RelDiff_', 'T+S+R'), ('VIC', 'None', '_', 'T+S+R')]), ('NSW_State', [('NSW_State', 'None', 'CumSum_', 'T+S+R'), ('NSW_State', 'None', 'Diff_', 'T+S+R'), ('NSW_State', 'None', 'RelDiff_', 'T+S+R'), ('NSW_State', 'None', '_', 'T+S+R')]), ('Other_State', [('Other_State', 'None', 'CumSum_', 'T+S+R'), ('Other_State', 'None', 'Diff_', 'T+S+R'), ('Other_State', 'None', 'RelDiff_', 'T+S+R'), ('Other_State', 'None', '_', 'T+S+R')]), ('QLD_State', [('QLD_State', 'None', 'CumSum_', 'T+S+R'), ('QLD_State', 'None', 'Diff_', 'T+S+R'), ('QLD_State', 'None', 'RelDiff_', 'T+S+R'), ('QLD_State', 'None', '_', 'T+S+R')]), ('VIC_State', [('VIC_State', 'None', 'CumSum_', 'T+S+R'), ('VIC_State', 'None', 'Diff_', 'T+S+R'), ('VIC_State', 'None', 'RelDiff_', 'T+S+R'), ('VIC_State', 'None', '_', 'T+S+R')]), ('Australia', [('Australia', 'None', 'CumSum_', 'T+S+R'), ('Australia', 'None', 'Diff_', 'T+S+R'), ('Australia', 'None', 'RelDiff_', 'T+S+R'), ('Australia', 'None', '_', 'T+S+R')])], 'Cores': 8}))
INFO:pyaf.hierarchical:TRAINING_HIERARCHICAL_MODEL_COMPUTE_TOP_DOWN_HISTORICAL_PROPORTIONS
INFO:pyaf.timing:('OPERATION_START', ('FORECASTING', {'Signals': ['BrisbaneGC', 'Capitals', 'Melbourne', 'NSW', 'Other', 'QLD', 'Sydney', 'VIC', 'NSW_State', 'Other_State', 'QLD_State', 'VIC_State', 'Australia'], 'Horizon': 12}))
Killed
Process ForkPoolWorker-19:
Traceback (most recent call last):
  File "/home/circleci/.pyenv/versions/3.10.2/lib/python3.10/multiprocessing/pool.py", line 131, in worker
    put((job, i, result))
  File "/home/circleci/.pyenv/versions/3.10.2/lib/python3.10/multiprocessing/queues.py", line 378, in put
    self._writer.send_bytes(obj)
  File "/home/circleci/.pyenv/versions/3.10.2/lib/python3.10/multiprocessing/connection.py", line 205, in send_bytes
    self._send_bytes(m[offset:offset + size])
  File "/home/circleci/.pyenv/versions/3.10.2/lib/python3.10/multiprocessing/connection.py", line 409, in _send_bytes
    self._send(header)
  File "/home/circleci/.pyenv/versions/3.10.2/lib/python3.10/multiprocessing/connection.py", line 373, in _send
    n = write(self._handle, buf)
BrokenPipeError: [Errno 32] Broken pipe

During handling of the above exception, another exception occurred:

Traceback (most recent call last):
  File "/home/circleci/.pyenv/versions/3.10.2/lib/python3.10/multiprocessing/process.py", line 315, in _bootstrap
    self.run()
  File "/home/circleci/.pyenv/versions/3.10.2/lib/python3.10/multiprocessing/process.py", line 108, in run
    self._target(*self._args, **self._kwargs)
  File "/home/circleci/.pyenv/versions/3.10.2/lib/python3.10/multiprocessing/pool.py", line 136, in worker
    put((job, i, (False, wrapped)))
  File "/home/circleci/.pyenv/versions/3.10.2/lib/python3.10/multiprocessing/queues.py", line 378, in put
    self._writer.send_bytes(obj)
  File "/home/circleci/.pyenv/versions/3.10.2/lib/python3.10/multiprocessing/connection.py", line 205, in send_bytes
    self._send_bytes(m[offset:offset + size])
  File "/home/circleci/.pyenv/versions/3.10.2/lib/python3.10/multiprocessing/connection.py", line 416, in _send_bytes
    self._send(header + buf)
  File "/home/circleci/.pyenv/versions/3.10.2/lib/python3.10/multiprocessing/connection.py", line 373, in _send
    n = write(self._handle, buf)
BrokenPipeError: [Errno 32] Broken pipe
Process ForkPoolWorker-21:
Traceback (most recent call last):
  File "/home/circleci/.pyenv/versions/3.10.2/lib/python3.10/multiprocessing/pool.py", line 131, in worker
    put((job, i, result))
  File "/home/circleci/.pyenv/versions/3.10.2/lib/python3.10/multiprocessing/queues.py", line 378, in put
    self._writer.send_bytes(obj)
  File "/home/circleci/.pyenv/versions/3.10.2/lib/python3.10/multiprocessing/connection.py", line 205, in send_bytes
    self._send_bytes(m[offset:offset + size])
  File "/home/circleci/.pyenv/versions/3.10.2/lib/python3.10/multiprocessing/connection.py", line 409, in _send_bytes
    self._send(header)
  File "/home/circleci/.pyenv/versions/3.10.2/lib/python3.10/multiprocessing/connection.py", line 373, in _send
    n = write(self._handle, buf)
BrokenPipeError: [Errno 32] Broken pipe

During handling of the above exception, another exception occurred:

Traceback (most recent call last):
  File "/home/circleci/.pyenv/versions/3.10.2/lib/python3.10/multiprocessing/process.py", line 315, in _bootstrap
    self.run()
  File "/home/circleci/.pyenv/versions/3.10.2/lib/python3.10/multiprocessing/process.py", line 108, in run
    self._target(*self._args, **self._kwargs)
  File "/home/circleci/.pyenv/versions/3.10.2/lib/python3.10/multiprocessing/pool.py", line 136, in worker
    put((job, i, (False, wrapped)))
  File "/home/circleci/.pyenv/versions/3.10.2/lib/python3.10/multiprocessing/queues.py", line 378, in put
    self._writer.send_bytes(obj)
  File "/home/circleci/.pyenv/versions/3.10.2/lib/python3.10/multiprocessing/connection.py", line 205, in send_bytes
    self._send_bytes(m[offset:offset + size])
  File "/home/circleci/.pyenv/versions/3.10.2/lib/python3.10/multiprocessing/connection.py", line 416, in _send_bytes
    self._send(header + buf)
  File "/home/circleci/.pyenv/versions/3.10.2/lib/python3.10/multiprocessing/connection.py", line 373, in _send
    n = write(self._handle, buf)
BrokenPipeError: [Errno 32] Broken pipe
Process ForkPoolWorker-22:
Traceback (most recent call last):
  File "/home/circleci/.pyenv/versions/3.10.2/lib/python3.10/multiprocessing/pool.py", line 131, in worker
    put((job, i, result))
  File "/home/circleci/.pyenv/versions/3.10.2/lib/python3.10/multiprocessing/queues.py", line 378, in put
    self._writer.send_bytes(obj)
  File "/home/circleci/.pyenv/versions/3.10.2/lib/python3.10/multiprocessing/connection.py", line 205, in send_bytes
    self._send_bytes(m[offset:offset + size])
  File "/home/circleci/.pyenv/versions/3.10.2/lib/python3.10/multiprocessing/connection.py", line 409, in _send_bytes
    self._send(header)
  File "/home/circleci/.pyenv/versions/3.10.2/lib/python3.10/multiprocessing/connection.py", line 373, in _send
    n = write(self._handle, buf)
BrokenPipeError: [Errno 32] Broken pipe

During handling of the above exception, another exception occurred:

Traceback (most recent call last):
  File "/home/circleci/.pyenv/versions/3.10.2/lib/python3.10/multiprocessing/process.py", line 315, in _bootstrap
    self.run()
  File "/home/circleci/.pyenv/versions/3.10.2/lib/python3.10/multiprocessing/process.py", line 108, in run
    self._target(*self._args, **self._kwargs)
  File "/home/circleci/.pyenv/versions/3.10.2/lib/python3.10/multiprocessing/pool.py", line 136, in worker
    put((job, i, (False, wrapped)))
  File "/home/circleci/.pyenv/versions/3.10.2/lib/python3.10/multiprocessing/queues.py", line 378, in put
    self._writer.send_bytes(obj)
  File "/home/circleci/.pyenv/versions/3.10.2/lib/python3.10/multiprocessing/connection.py", line 205, in send_bytes
    self._send_bytes(m[offset:offset + size])
  File "/home/circleci/.pyenv/versions/3.10.2/lib/python3.10/multiprocessing/connection.py", line 416, in _send_bytes
    self._send(header + buf)
  File "/home/circleci/.pyenv/versions/3.10.2/lib/python3.10/multiprocessing/connection.py", line 373, in _send
    n = write(self._handle, buf)
BrokenPipeError: [Errno 32] Broken pipe
